Using pre-set license
Built from '2020.3/staging' branch; Version is '2020.3.11f1 (99c7afb366b3) revision 10078127'; Using compiler version '192528614'; Build Type 'Release'
OS: 'Windows 10 Home; OS build 19042.1165; Version 2009; 64bit' Language: 'en' Physical Memory: 16347 MB
BatchMode: 1, IsHumanControllingUs: 0, StartBugReporterOnCrash: 0, Is64bit: 1, IsPro: 0

 COMMAND LINE ARGUMENTS:
C:\Program Files\Unity\Hub\Editor\2020.3.11f1\Editor\Unity.exe
-adb2
-batchMode
-noUpm
-name
AssetImportWorker1
-projectPath
C:/Users/Kunal/Documents/GitHub/SideProject/OnePistolFitsAll/OPFA_ProjectFile
-logFile
Logs/AssetImportWorker1.log
-srvPort
57855
Successfully changed project path to: C:/Users/Kunal/Documents/GitHub/SideProject/OnePistolFitsAll/OPFA_ProjectFile
C:/Users/Kunal/Documents/GitHub/SideProject/OnePistolFitsAll/OPFA_ProjectFile
Using Asset Import Pipeline V2.
Refreshing native plugins compatible for Editor in 63.44 ms, found 3 plugins.
Preloading 0 native plugins for Editor in 0.00 ms.
Initialize engine version: 2020.3.11f1 (99c7afb366b3)
[Subsystems] Discovering subsystems at path C:/Program Files/Unity/Hub/Editor/2020.3.11f1/Editor/Data/Resources/UnitySubsystems
[Subsystems] Discovering subsystems at path C:/Users/Kunal/Documents/GitHub/SideProject/OnePistolFitsAll/OPFA_ProjectFile/Assets
GfxDevice: creating device client; threaded=0
Direct3D:
    Version:  Direct3D 11.0 [level 11.1]
    Renderer: NVIDIA GeForce GTX 1080 Ti (ID=0x1b06)
    Vendor:   
    VRAM:     11127 MB
    Driver:   30.0.14.7196
Initialize mono
Mono path[0] = 'C:/Program Files/Unity/Hub/Editor/2020.3.11f1/Editor/Data/Managed'
Mono path[1] = 'C:/Program Files/Unity/Hub/Editor/2020.3.11f1/Editor/Data/MonoBleedingEdge/lib/mono/unityjit'
Mono config path = 'C:/Program Files/Unity/Hub/Editor/2020.3.11f1/Editor/Data/MonoBleedingEdge/etc'
Using monoOptions --debugger-agent=transport=dt_socket,embedding=1,server=y,suspend=n,address=127.0.0.1:56420
Begin MonoManager ReloadAssembly
Registering precompiled unity dll's ...
Register platform support module: C:/Program Files/Unity/Hub/Editor/2020.3.11f1/Editor/Data/PlaybackEngines/WindowsStandaloneSupport/UnityEditor.WindowsStandalone.Extensions.dll
Registered in 0.003083 seconds.
Native extension for WindowsStandalone target not found
Refreshing native plugins compatible for Editor in 51.99 ms, found 3 plugins.
Preloading 0 native plugins for Editor in 0.00 ms.
Mono: successfully reloaded assembly
- Completed reload, in  1.508 seconds
Platform modules already initialized, skipping
Registering precompiled user dll's ...
Registered in 0.006493 seconds.
Begin MonoManager ReloadAssembly
Native extension for WindowsStandalone target not found
Refreshing native plugins compatible for Editor in 50.55 ms, found 3 plugins.
Preloading 0 native plugins for Editor in 0.00 ms.
Mono: successfully reloaded assembly
- Completed reload, in  1.386 seconds
Platform modules already initialized, skipping
========================================================================
Worker process is ready to serve import requests
Launched and connected shader compiler UnityShaderCompiler.exe after 0.09 seconds
Refreshing native plugins compatible for Editor in 1.15 ms, found 3 plugins.
Preloading 0 native plugins for Editor in 0.00 ms.
Unloading 2405 Unused Serialized files (Serialized files now loaded: 0)
System memory in use before: 107.2 MB.
System memory in use after: 107.2 MB.

Unloading 35 unused Assets to reduce memory usage. Loaded Objects now: 2842.
Total: 4.400400 ms (FindLiveObjects: 1.133700 ms CreateObjectMapping: 0.605700 ms MarkObjects: 2.485300 ms  DeleteObjects: 0.174200 ms)

========================================================================
Received Import Request.
  path: Assets/Scenes/Intro_Cutscene.unity
  artifactKey: Guid(6aefd2194b038a84c86c31c55eb1964c) Importer(815301076,1909f56bfc062723c751e8b465ee728b)
Start importing Assets/Scenes/Intro_Cutscene.unity using Guid(6aefd2194b038a84c86c31c55eb1964c) Importer(815301076,1909f56bfc062723c751e8b465ee728b)  -> (artifact id: '4567206be94d0d1795ddd85483b06874') in 0.018825 seconds
  Import took 0.024529 seconds .

========================================================================
Received Prepare
Registering precompiled user dll's ...
Registered in 0.005416 seconds.
Begin MonoManager ReloadAssembly
Native extension for WindowsStandalone target not found
Refreshing native plugins compatible for Editor in 0.70 ms, found 3 plugins.
Preloading 0 native plugins for Editor in 0.00 ms.
Mono: successfully reloaded assembly
- Completed reload, in  1.379 seconds
Platform modules already initialized, skipping
Refreshing native plugins compatible for Editor in 0.56 ms, found 3 plugins.
Preloading 0 native plugins for Editor in 0.00 ms.
Unloading 2381 Unused Serialized files (Serialized files now loaded: 0)
System memory in use before: 105.4 MB.
System memory in use after: 105.5 MB.

Unloading 23 unused Assets to reduce memory usage. Loaded Objects now: 2846.
Total: 3.576800 ms (FindLiveObjects: 0.242000 ms CreateObjectMapping: 0.122800 ms MarkObjects: 3.070300 ms  DeleteObjects: 0.140200 ms)

========================================================================
Received Import Request.
  Time since last request: 43.858364 seconds.
  path: Assets/TextMesh Pro/Resources/Fonts & Materials/LiberationSans SDF - Drop Shadow.mat
  artifactKey: Guid(e73a58f6e2794ae7b1b7e50b7fb811b0) Importer(815301076,1909f56bfc062723c751e8b465ee728b)
Start importing Assets/TextMesh Pro/Resources/Fonts & Materials/LiberationSans SDF - Drop Shadow.mat using Guid(e73a58f6e2794ae7b1b7e50b7fb811b0) Importer(815301076,1909f56bfc062723c751e8b465ee728b)  -> (artifact id: 'ca0d2861f60500f05bd29199894f7bb5') in 0.180631 seconds
  Import took 0.184782 seconds .

========================================================================
Received Import Request.
  Time since last request: 0.000189 seconds.
  path: Assets/TextMesh Pro/Resources/Fonts & Materials/LiberationSans SDF - Outline.mat
  artifactKey: Guid(79459efec17a4d00a321bdcc27bbc385) Importer(815301076,1909f56bfc062723c751e8b465ee728b)
Start importing Assets/TextMesh Pro/Resources/Fonts & Materials/LiberationSans SDF - Outline.mat using Guid(79459efec17a4d00a321bdcc27bbc385) Importer(815301076,1909f56bfc062723c751e8b465ee728b)  -> (artifact id: '289988fcecf3b00d1602f8d2b589f7dd') in 0.064565 seconds
  Import took 0.070766 seconds .

========================================================================
Received Import Request.
  Time since last request: 0.000167 seconds.
  path: Assets/TextMesh Pro/Resources/Fonts & Materials/LiberationSans SDF - Fallback.asset
  artifactKey: Guid(2e498d1c8094910479dc3e1b768306a4) Importer(815301076,1909f56bfc062723c751e8b465ee728b)
Start importing Assets/TextMesh Pro/Resources/Fonts & Materials/LiberationSans SDF - Fallback.asset using Guid(2e498d1c8094910479dc3e1b768306a4) Importer(815301076,1909f56bfc062723c751e8b465ee728b)  -> (artifact id: 'b8c2210586957436df79bf961aeff06e') in 0.059331 seconds
  Import took 0.064485 seconds .

========================================================================
Received Import Request.
  Time since last request: 0.000197 seconds.
  path: Assets/TextMesh Pro/Resources/Fonts & Materials/LiberationSans SDF - Drop Shadow.mat
  artifactKey: Guid(e73a58f6e2794ae7b1b7e50b7fb811b0) Importer(815301076,1909f56bfc062723c751e8b465ee728b)
Start importing Assets/TextMesh Pro/Resources/Fonts & Materials/LiberationSans SDF - Drop Shadow.mat using Guid(e73a58f6e2794ae7b1b7e50b7fb811b0) Importer(815301076,1909f56bfc062723c751e8b465ee728b)  -> (artifact id: 'ca0d2861f60500f05bd29199894f7bb5') in 0.033143 seconds
  Import took 0.039629 seconds .

========================================================================
Received Import Request.
  Time since last request: 0.000306 seconds.
  path: Assets/TextMesh Pro/Resources/Fonts & Materials/LiberationSans SDF - Fallback.asset
  artifactKey: Guid(2e498d1c8094910479dc3e1b768306a4) Importer(815301076,1909f56bfc062723c751e8b465ee728b)
Start importing Assets/TextMesh Pro/Resources/Fonts & Materials/LiberationSans SDF - Fallback.asset using Guid(2e498d1c8094910479dc3e1b768306a4) Importer(815301076,1909f56bfc062723c751e8b465ee728b)  -> (artifact id: 'b8c2210586957436df79bf961aeff06e') in 0.015279 seconds
  Import took 0.019679 seconds .

========================================================================
Received Import Request.
  Time since last request: 0.000175 seconds.
  path: Assets/TextMesh Pro/Resources/Fonts & Materials/LiberationSans SDF.asset
  artifactKey: Guid(8f586378b4e144a9851e7b34d9b748ee) Importer(815301076,1909f56bfc062723c751e8b465ee728b)
Start importing Assets/TextMesh Pro/Resources/Fonts & Materials/LiberationSans SDF.asset using Guid(8f586378b4e144a9851e7b34d9b748ee) Importer(815301076,1909f56bfc062723c751e8b465ee728b)  -> (artifact id: 'f1280cc7be10b532b2897fc8654f95d3') in 0.049840 seconds
  Import took 0.054529 seconds .

========================================================================
Received Prepare
Registering precompiled user dll's ...
Registered in 0.008382 seconds.
Begin MonoManager ReloadAssembly
Native extension for WindowsStandalone target not found
Refreshing native plugins compatible for Editor in 0.49 ms, found 3 plugins.
Preloading 0 native plugins for Editor in 0.00 ms.
Mono: successfully reloaded assembly
- Completed reload, in  1.224 seconds
Platform modules already initialized, skipping
Refreshing native plugins compatible for Editor in 0.48 ms, found 3 plugins.
Preloading 0 native plugins for Editor in 0.00 ms.
Unloading 2381 Unused Serialized files (Serialized files now loaded: 0)
System memory in use before: 108.7 MB.
System memory in use after: 108.8 MB.

Unloading 23 unused Assets to reduce memory usage. Loaded Objects now: 2893.
Total: 2.162800 ms (FindLiveObjects: 0.225100 ms CreateObjectMapping: 0.096400 ms MarkObjects: 1.736100 ms  DeleteObjects: 0.104000 ms)

========================================================================
Received Prepare
Registering precompiled user dll's ...
Registered in 0.006510 seconds.
Begin MonoManager ReloadAssembly
Native extension for WindowsStandalone target not found
Refreshing native plugins compatible for Editor in 0.75 ms, found 3 plugins.
Preloading 0 native plugins for Editor in 0.00 ms.
Mono: successfully reloaded assembly
- Completed reload, in  1.229 seconds
Platform modules already initialized, skipping
Refreshing native plugins compatible for Editor in 0.47 ms, found 3 plugins.
Preloading 0 native plugins for Editor in 0.00 ms.
Unloading 2381 Unused Serialized files (Serialized files now loaded: 0)
System memory in use before: 108.7 MB.
System memory in use after: 108.8 MB.

Unloading 23 unused Assets to reduce memory usage. Loaded Objects now: 2897.
Total: 2.181300 ms (FindLiveObjects: 0.225400 ms CreateObjectMapping: 0.104100 ms MarkObjects: 1.748900 ms  DeleteObjects: 0.101700 ms)

========================================================================
Received Prepare
Registering precompiled user dll's ...
Registered in 0.005389 seconds.
Begin MonoManager ReloadAssembly
Native extension for WindowsStandalone target not found
Refreshing native plugins compatible for Editor in 0.49 ms, found 3 plugins.
Preloading 0 native plugins for Editor in 0.00 ms.
Mono: successfully reloaded assembly
- Completed reload, in  1.231 seconds
Platform modules already initialized, skipping
Refreshing native plugins compatible for Editor in 0.51 ms, found 3 plugins.
Preloading 0 native plugins for Editor in 0.00 ms.
Unloading 2381 Unused Serialized files (Serialized files now loaded: 0)
System memory in use before: 108.7 MB.
System memory in use after: 108.8 MB.

Unloading 23 unused Assets to reduce memory usage. Loaded Objects now: 2901.
Total: 3.240700 ms (FindLiveObjects: 0.264400 ms CreateObjectMapping: 0.105900 ms MarkObjects: 2.600900 ms  DeleteObjects: 0.267900 ms)

========================================================================
Received Import Request.
  Time since last request: 901.073562 seconds.
  path: Assets/Animations/Cutscenes/Intro/Intro_Cutscene3.anim
  artifactKey: Guid(a59eb99dcfce78b449ebbce6e1700080) Importer(815301076,1909f56bfc062723c751e8b465ee728b)
Start importing Assets/Animations/Cutscenes/Intro/Intro_Cutscene3.anim using Guid(a59eb99dcfce78b449ebbce6e1700080) Importer(815301076,1909f56bfc062723c751e8b465ee728b)  -> (artifact id: 'b792ce97d4f47c19a783a42257d2a5ac') in 0.034459 seconds
  Import took 0.041612 seconds .

========================================================================
Received Import Request.
  Time since last request: 1.245718 seconds.
  path: Assets/Animations/Cutscenes/Intro/Three_Questionmarks.anim
  artifactKey: Guid(2daa31921239c234c8176f3034be3486) Importer(815301076,1909f56bfc062723c751e8b465ee728b)
Start importing Assets/Animations/Cutscenes/Intro/Three_Questionmarks.anim using Guid(2daa31921239c234c8176f3034be3486) Importer(815301076,1909f56bfc062723c751e8b465ee728b)  -> (artifact id: '6e9ae8576525e47761978f8ed4ef856c') in 0.007577 seconds
  Import took 0.012412 seconds .

========================================================================
Received Import Request.
  Time since last request: 0.513979 seconds.
  path: Assets/Animations/Cutscenes/Intro/Three_Questionmarks2.anim
  artifactKey: Guid(a74a77ad5c9b54a4c9c2420a4df8d185) Importer(815301076,1909f56bfc062723c751e8b465ee728b)
Start importing Assets/Animations/Cutscenes/Intro/Three_Questionmarks2.anim using Guid(a74a77ad5c9b54a4c9c2420a4df8d185) Importer(815301076,1909f56bfc062723c751e8b465ee728b)  -> (artifact id: 'e39d38de867d047bf20db38511ab8022') in 0.009262 seconds
  Import took 0.013921 seconds .

========================================================================
Received Prepare
Registering precompiled user dll's ...
Registered in 0.004791 seconds.
Begin MonoManager ReloadAssembly
Native extension for WindowsStandalone target not found
Refreshing native plugins compatible for Editor in 0.99 ms, found 3 plugins.
Preloading 0 native plugins for Editor in 0.00 ms.
Mono: successfully reloaded assembly
- Completed reload, in  1.233 seconds
Platform modules already initialized, skipping
Refreshing native plugins compatible for Editor in 0.51 ms, found 3 plugins.
Preloading 0 native plugins for Editor in 0.00 ms.
Unloading 2381 Unused Serialized files (Serialized files now loaded: 0)
System memory in use before: 108.7 MB.
System memory in use after: 108.7 MB.

Unloading 23 unused Assets to reduce memory usage. Loaded Objects now: 2905.
Total: 2.907600 ms (FindLiveObjects: 0.239700 ms CreateObjectMapping: 0.099900 ms MarkObjects: 2.444300 ms  DeleteObjects: 0.122300 ms)

========================================================================
Received Prepare
Registering precompiled user dll's ...
Registered in 0.007031 seconds.
Begin MonoManager ReloadAssembly
Native extension for WindowsStandalone target not found
Refreshing native plugins compatible for Editor in 0.68 ms, found 3 plugins.
Preloading 0 native plugins for Editor in 0.00 ms.
Mono: successfully reloaded assembly
- Completed reload, in  1.171 seconds
Platform modules already initialized, skipping
Refreshing native plugins compatible for Editor in 0.51 ms, found 3 plugins.
Preloading 0 native plugins for Editor in 0.00 ms.
Unloading 2381 Unused Serialized files (Serialized files now loaded: 0)
System memory in use before: 108.8 MB.
System memory in use after: 108.9 MB.

Unloading 23 unused Assets to reduce memory usage. Loaded Objects now: 2909.
Total: 2.402300 ms (FindLiveObjects: 0.247400 ms CreateObjectMapping: 0.090900 ms MarkObjects: 1.934900 ms  DeleteObjects: 0.128000 ms)

========================================================================
Received Prepare
Registering precompiled user dll's ...
Registered in 0.006184 seconds.
Begin MonoManager ReloadAssembly
Native extension for WindowsStandalone target not found
Refreshing native plugins compatible for Editor in 0.47 ms, found 3 plugins.
Preloading 0 native plugins for Editor in 0.00 ms.
Mono: successfully reloaded assembly
- Completed reload, in  1.202 seconds
Platform modules already initialized, skipping
Refreshing native plugins compatible for Editor in 0.51 ms, found 3 plugins.
Preloading 0 native plugins for Editor in 0.00 ms.
Unloading 2381 Unused Serialized files (Serialized files now loaded: 0)
System memory in use before: 108.8 MB.
System memory in use after: 108.9 MB.

Unloading 23 unused Assets to reduce memory usage. Loaded Objects now: 2913.
Total: 2.402300 ms (FindLiveObjects: 0.234600 ms CreateObjectMapping: 0.103800 ms MarkObjects: 1.961800 ms  DeleteObjects: 0.100800 ms)

========================================================================
Received Prepare
Registering precompiled user dll's ...
Registered in 0.006010 seconds.
Begin MonoManager ReloadAssembly
Native extension for WindowsStandalone target not found
Refreshing native plugins compatible for Editor in 0.68 ms, found 3 plugins.
Preloading 0 native plugins for Editor in 0.00 ms.
Mono: successfully reloaded assembly
- Completed reload, in  1.206 seconds
Platform modules already initialized, skipping
Refreshing native plugins compatible for Editor in 0.58 ms, found 3 plugins.
Preloading 0 native plugins for Editor in 0.00 ms.
Unloading 2381 Unused Serialized files (Serialized files now loaded: 0)
System memory in use before: 108.8 MB.
System memory in use after: 108.9 MB.

Unloading 23 unused Assets to reduce memory usage. Loaded Objects now: 2917.
Total: 2.728600 ms (FindLiveObjects: 0.368500 ms CreateObjectMapping: 0.204200 ms MarkObjects: 2.039000 ms  DeleteObjects: 0.115900 ms)

========================================================================
Received Prepare
Registering precompiled user dll's ...
Registered in 0.004713 seconds.
Begin MonoManager ReloadAssembly
Native extension for WindowsStandalone target not found
Refreshing native plugins compatible for Editor in 0.76 ms, found 3 plugins.
Preloading 0 native plugins for Editor in 0.00 ms.
Mono: successfully reloaded assembly
- Completed reload, in  1.213 seconds
Platform modules already initialized, skipping
Refreshing native plugins compatible for Editor in 0.48 ms, found 3 plugins.
Preloading 0 native plugins for Editor in 0.00 ms.
Unloading 2381 Unused Serialized files (Serialized files now loaded: 0)
System memory in use before: 108.8 MB.
System memory in use after: 108.9 MB.

Unloading 23 unused Assets to reduce memory usage. Loaded Objects now: 2921.
Total: 2.713800 ms (FindLiveObjects: 0.229400 ms CreateObjectMapping: 0.086000 ms MarkObjects: 2.254200 ms  DeleteObjects: 0.142800 ms)

========================================================================
Received Prepare
Registering precompiled user dll's ...
Registered in 0.006239 seconds.
Begin MonoManager ReloadAssembly
Native extension for WindowsStandalone target not found
Refreshing native plugins compatible for Editor in 1.51 ms, found 3 plugins.
Preloading 0 native plugins for Editor in 0.00 ms.
Mono: successfully reloaded assembly
- Completed reload, in  1.249 seconds
Platform modules already initialized, skipping
Refreshing native plugins compatible for Editor in 0.62 ms, found 3 plugins.
Preloading 0 native plugins for Editor in 0.00 ms.
Unloading 2381 Unused Serialized files (Serialized files now loaded: 0)
System memory in use before: 108.7 MB.
System memory in use after: 108.8 MB.

Unloading 23 unused Assets to reduce memory usage. Loaded Objects now: 2925.
Total: 4.225500 ms (FindLiveObjects: 0.245300 ms CreateObjectMapping: 1.288300 ms MarkObjects: 2.571300 ms  DeleteObjects: 0.119400 ms)

========================================================================
Received Prepare
Registering precompiled user dll's ...
Registered in 0.005507 seconds.
Begin MonoManager ReloadAssembly
Native extension for WindowsStandalone target not found
Refreshing native plugins compatible for Editor in 0.64 ms, found 3 plugins.
Preloading 0 native plugins for Editor in 0.00 ms.
Mono: successfully reloaded assembly
- Completed reload, in  1.265 seconds
Platform modules already initialized, skipping
Refreshing native plugins compatible for Editor in 0.76 ms, found 3 plugins.
Preloading 0 native plugins for Editor in 0.00 ms.
Unloading 2381 Unused Serialized files (Serialized files now loaded: 0)
System memory in use before: 108.8 MB.
System memory in use after: 108.9 MB.

Unloading 23 unused Assets to reduce memory usage. Loaded Objects now: 2929.
Total: 2.651500 ms (FindLiveObjects: 0.237900 ms CreateObjectMapping: 0.101800 ms MarkObjects: 2.066500 ms  DeleteObjects: 0.244000 ms)

========================================================================
Received Prepare
Registering precompiled user dll's ...
Registered in 0.005948 seconds.
Begin MonoManager ReloadAssembly
Native extension for WindowsStandalone target not found
Refreshing native plugins compatible for Editor in 0.58 ms, found 3 plugins.
Preloading 0 native plugins for Editor in 0.00 ms.
Mono: successfully reloaded assembly
- Completed reload, in  1.512 seconds
Platform modules already initialized, skipping
Refreshing native plugins compatible for Editor in 0.52 ms, found 3 plugins.
Preloading 0 native plugins for Editor in 0.00 ms.
Unloading 2381 Unused Serialized files (Serialized files now loaded: 0)
System memory in use before: 108.8 MB.
System memory in use after: 108.9 MB.

Unloading 23 unused Assets to reduce memory usage. Loaded Objects now: 2933.
Total: 2.489400 ms (FindLiveObjects: 0.250900 ms CreateObjectMapping: 0.109400 ms MarkObjects: 2.012400 ms  DeleteObjects: 0.115700 ms)

========================================================================
Received Import Request.
  Time since last request: 506.958766 seconds.
  path: Assets/Animations/Cutscenes/Intro/Three_Questionmarks.anim
  artifactKey: Guid(2daa31921239c234c8176f3034be3486) Importer(815301076,1909f56bfc062723c751e8b465ee728b)
Start importing Assets/Animations/Cutscenes/Intro/Three_Questionmarks.anim using Guid(2daa31921239c234c8176f3034be3486) Importer(815301076,1909f56bfc062723c751e8b465ee728b)  -> (artifact id: 'd8c54aa115b91413d88c8372a8c423a8') in 0.035711 seconds
  Import took 0.042187 seconds .

========================================================================
Received Prepare
Registering precompiled user dll's ...
Registered in 0.005247 seconds.
Begin MonoManager ReloadAssembly
Native extension for WindowsStandalone target not found
Refreshing native plugins compatible for Editor in 0.93 ms, found 3 plugins.
Preloading 0 native plugins for Editor in 0.00 ms.
Mono: successfully reloaded assembly
- Completed reload, in  1.224 seconds
Platform modules already initialized, skipping
Refreshing native plugins compatible for Editor in 0.78 ms, found 3 plugins.
Preloading 0 native plugins for Editor in 0.00 ms.
Unloading 2381 Unused Serialized files (Serialized files now loaded: 0)
System memory in use before: 108.8 MB.
System memory in use after: 108.9 MB.

Unloading 23 unused Assets to reduce memory usage. Loaded Objects now: 2937.
Total: 2.648200 ms (FindLiveObjects: 0.395700 ms CreateObjectMapping: 0.132400 ms MarkObjects: 1.999800 ms  DeleteObjects: 0.118900 ms)

========================================================================
Received Import Request.
  Time since last request: 19.662939 seconds.
  path: Assets/Animations/Cutscenes/Intro/Three_Questionmarks2.anim
  artifactKey: Guid(a74a77ad5c9b54a4c9c2420a4df8d185) Importer(815301076,1909f56bfc062723c751e8b465ee728b)
Start importing Assets/Animations/Cutscenes/Intro/Three_Questionmarks2.anim using Guid(a74a77ad5c9b54a4c9c2420a4df8d185) Importer(815301076,1909f56bfc062723c751e8b465ee728b)  -> (artifact id: '75b28eede4d4160087ce9219f0794576') in 0.021536 seconds
  Import took 0.025875 seconds .

========================================================================
Received Import Request.
  Time since last request: 49.826873 seconds.
  path: Assets/Animations/Cutscenes/Intro/___.controller
  artifactKey: Guid(42fd99a2001df1a48a8e8cc7e604135f) Importer(815301076,1909f56bfc062723c751e8b465ee728b)
Start importing Assets/Animations/Cutscenes/Intro/___.controller using Guid(42fd99a2001df1a48a8e8cc7e604135f) Importer(815301076,1909f56bfc062723c751e8b465ee728b)  -> (artifact id: '824ca236b1093d6626d5dd42138c98c4') in 0.015183 seconds
  Import took 0.019207 seconds .

========================================================================
Received Import Request.
  Time since last request: 8.705560 seconds.
  path: Assets/Animations/Cutscenes/Intro/Three_Questionmarks.anim
  artifactKey: Guid(2daa31921239c234c8176f3034be3486) Importer(815301076,1909f56bfc062723c751e8b465ee728b)
Start importing Assets/Animations/Cutscenes/Intro/Three_Questionmarks.anim using Guid(2daa31921239c234c8176f3034be3486) Importer(815301076,1909f56bfc062723c751e8b465ee728b)  -> (artifact id: '83588b511f9e63d8b68048f09c6bdaf9') in 0.003324 seconds
  Import took 0.007078 seconds .

========================================================================
Received Prepare
Registering precompiled user dll's ...
Registered in 0.008401 seconds.
Begin MonoManager ReloadAssembly
Native extension for WindowsStandalone target not found
Refreshing native plugins compatible for Editor in 0.51 ms, found 3 plugins.
Preloading 0 native plugins for Editor in 0.00 ms.
Mono: successfully reloaded assembly
- Completed reload, in  1.302 seconds
Platform modules already initialized, skipping
Refreshing native plugins compatible for Editor in 0.86 ms, found 3 plugins.
Preloading 0 native plugins for Editor in 0.00 ms.
Unloading 2381 Unused Serialized files (Serialized files now loaded: 0)
System memory in use before: 108.8 MB.
System memory in use after: 108.9 MB.

Unloading 23 unused Assets to reduce memory usage. Loaded Objects now: 2941.
Total: 2.770300 ms (FindLiveObjects: 0.434200 ms CreateObjectMapping: 0.181200 ms MarkObjects: 2.038400 ms  DeleteObjects: 0.115200 ms)

========================================================================
Received Import Request.
  Time since last request: 150.115075 seconds.
  path: Assets/Animations/Cutscenes/Intro/___.controller
  artifactKey: Guid(42fd99a2001df1a48a8e8cc7e604135f) Importer(815301076,1909f56bfc062723c751e8b465ee728b)
Start importing Assets/Animations/Cutscenes/Intro/___.controller using Guid(42fd99a2001df1a48a8e8cc7e604135f) Importer(815301076,1909f56bfc062723c751e8b465ee728b)  -> (artifact id: 'e86a64a11f5dedba41ab50561794b25f') in 0.026778 seconds
  Import took 0.031965 seconds .

========================================================================
Received Import Request.
  Time since last request: 1.445692 seconds.
  path: Assets/Animations/Cutscenes/Intro/Questionmark.anim
  artifactKey: Guid(6db3e243836efcf4caebc541ef6d638d) Importer(815301076,1909f56bfc062723c751e8b465ee728b)
Start importing Assets/Animations/Cutscenes/Intro/Questionmark.anim using Guid(6db3e243836efcf4caebc541ef6d638d) Importer(815301076,1909f56bfc062723c751e8b465ee728b)  -> (artifact id: 'ef4763626d74c2453f040ed59293beb2') in 0.008586 seconds
  Import took 0.015700 seconds .

========================================================================
Received Prepare
Registering precompiled user dll's ...
Registered in 0.004745 seconds.
Begin MonoManager ReloadAssembly
Native extension for WindowsStandalone target not found
Refreshing native plugins compatible for Editor in 0.51 ms, found 3 plugins.
Preloading 0 native plugins for Editor in 0.00 ms.
Mono: successfully reloaded assembly
- Completed reload, in  1.271 seconds
Platform modules already initialized, skipping
Refreshing native plugins compatible for Editor in 0.76 ms, found 3 plugins.
Preloading 0 native plugins for Editor in 0.00 ms.
Unloading 2381 Unused Serialized files (Serialized files now loaded: 0)
System memory in use before: 108.7 MB.
System memory in use after: 108.8 MB.

Unloading 23 unused Assets to reduce memory usage. Loaded Objects now: 2945.
Total: 2.425200 ms (FindLiveObjects: 0.304900 ms CreateObjectMapping: 0.129800 ms MarkObjects: 1.865500 ms  DeleteObjects: 0.123400 ms)

========================================================================
Received Prepare
Registering precompiled user dll's ...
Registered in 0.004524 seconds.
Begin MonoManager ReloadAssembly
Native extension for WindowsStandalone target not found
Refreshing native plugins compatible for Editor in 0.51 ms, found 3 plugins.
Preloading 0 native plugins for Editor in 0.00 ms.
Mono: successfully reloaded assembly
- Completed reload, in  1.221 seconds
Platform modules already initialized, skipping
Refreshing native plugins compatible for Editor in 0.73 ms, found 3 plugins.
Preloading 0 native plugins for Editor in 0.00 ms.
Unloading 2381 Unused Serialized files (Serialized files now loaded: 0)
System memory in use before: 108.9 MB.
System memory in use after: 108.9 MB.

Unloading 23 unused Assets to reduce memory usage. Loaded Objects now: 2949.
Total: 4.041000 ms (FindLiveObjects: 0.292800 ms CreateObjectMapping: 0.406100 ms MarkObjects: 3.228400 ms  DeleteObjects: 0.112400 ms)

========================================================================
Received Prepare
Registering precompiled user dll's ...
Registered in 0.005158 seconds.
Begin MonoManager ReloadAssembly
Native extension for WindowsStandalone target not found
Refreshing native plugins compatible for Editor in 0.50 ms, found 3 plugins.
Preloading 0 native plugins for Editor in 0.00 ms.
Mono: successfully reloaded assembly
- Completed reload, in  1.265 seconds
Platform modules already initialized, skipping
Refreshing native plugins compatible for Editor in 0.49 ms, found 3 plugins.
Preloading 0 native plugins for Editor in 0.00 ms.
Unloading 2381 Unused Serialized files (Serialized files now loaded: 0)
System memory in use before: 108.9 MB.
System memory in use after: 108.9 MB.

Unloading 23 unused Assets to reduce memory usage. Loaded Objects now: 2953.
Total: 2.610100 ms (FindLiveObjects: 0.232500 ms CreateObjectMapping: 0.099600 ms MarkObjects: 2.018900 ms  DeleteObjects: 0.257800 ms)

========================================================================
Received Prepare
Registering precompiled user dll's ...
Registered in 0.007096 seconds.
Begin MonoManager ReloadAssembly
Native extension for WindowsStandalone target not found
Refreshing native plugins compatible for Editor in 0.55 ms, found 3 plugins.
Preloading 0 native plugins for Editor in 0.00 ms.
Mono: successfully reloaded assembly
- Completed reload, in  1.264 seconds
Platform modules already initialized, skipping
Refreshing native plugins compatible for Editor in 0.54 ms, found 3 plugins.
Preloading 0 native plugins for Editor in 0.00 ms.
Unloading 2381 Unused Serialized files (Serialized files now loaded: 0)
System memory in use before: 108.9 MB.
System memory in use after: 109.0 MB.

Unloading 23 unused Assets to reduce memory usage. Loaded Objects now: 2957.
Total: 2.280800 ms (FindLiveObjects: 0.242100 ms CreateObjectMapping: 0.102300 ms MarkObjects: 1.829400 ms  DeleteObjects: 0.105800 ms)

========================================================================
Received Prepare
Registering precompiled user dll's ...
Registered in 0.008412 seconds.
Begin MonoManager ReloadAssembly
Native extension for WindowsStandalone target not found
Refreshing native plugins compatible for Editor in 0.55 ms, found 3 plugins.
Preloading 0 native plugins for Editor in 0.00 ms.
Mono: successfully reloaded assembly
- Completed reload, in  1.273 seconds
Platform modules already initialized, skipping
Refreshing native plugins compatible for Editor in 0.93 ms, found 3 plugins.
Preloading 0 native plugins for Editor in 0.00 ms.
Unloading 2381 Unused Serialized files (Serialized files now loaded: 0)
System memory in use before: 108.9 MB.
System memory in use after: 109.0 MB.

Unloading 23 unused Assets to reduce memory usage. Loaded Objects now: 2961.
Total: 3.943600 ms (FindLiveObjects: 0.453000 ms CreateObjectMapping: 0.207700 ms MarkObjects: 3.105300 ms  DeleteObjects: 0.175800 ms)

========================================================================
Received Import Request.
  Time since last request: 290.625237 seconds.
  path: Assets/Animations/Cutscenes/Intro/Intro_Cutscene4.anim
  artifactKey: Guid(055267dd0d3f02e4b92fcefcd439778d) Importer(815301076,1909f56bfc062723c751e8b465ee728b)
Start importing Assets/Animations/Cutscenes/Intro/Intro_Cutscene4.anim using Guid(055267dd0d3f02e4b92fcefcd439778d) Importer(815301076,1909f56bfc062723c751e8b465ee728b)  -> (artifact id: 'a6def14a0aa301bad1233703ac9f39a1') in 0.033828 seconds
  Import took 0.039780 seconds .

========================================================================
Received Prepare
Registering precompiled user dll's ...
Registered in 0.005499 seconds.
Begin MonoManager ReloadAssembly
Native extension for WindowsStandalone target not found
Refreshing native plugins compatible for Editor in 0.51 ms, found 3 plugins.
Preloading 0 native plugins for Editor in 0.00 ms.
Mono: successfully reloaded assembly
- Completed reload, in  1.241 seconds
Platform modules already initialized, skipping
Refreshing native plugins compatible for Editor in 0.82 ms, found 3 plugins.
Preloading 0 native plugins for Editor in 0.00 ms.
Unloading 2381 Unused Serialized files (Serialized files now loaded: 0)
System memory in use before: 108.9 MB.
System memory in use after: 108.9 MB.

Unloading 23 unused Assets to reduce memory usage. Loaded Objects now: 2965.
Total: 4.112900 ms (FindLiveObjects: 0.298500 ms CreateObjectMapping: 0.124700 ms MarkObjects: 3.528900 ms  DeleteObjects: 0.159200 ms)

========================================================================
Received Prepare
Registering precompiled user dll's ...
Registered in 0.005759 seconds.
Begin MonoManager ReloadAssembly
Native extension for WindowsStandalone target not found
Refreshing native plugins compatible for Editor in 0.47 ms, found 3 plugins.
Preloading 0 native plugins for Editor in 0.00 ms.
Mono: successfully reloaded assembly
- Completed reload, in  1.280 seconds
Platform modules already initialized, skipping
Refreshing native plugins compatible for Editor in 0.48 ms, found 3 plugins.
Preloading 0 native plugins for Editor in 0.00 ms.
Unloading 2381 Unused Serialized files (Serialized files now loaded: 0)
System memory in use before: 109.0 MB.
System memory in use after: 109.0 MB.

Unloading 23 unused Assets to reduce memory usage. Loaded Objects now: 2969.
Total: 2.692700 ms (FindLiveObjects: 0.248900 ms CreateObjectMapping: 0.104300 ms MarkObjects: 2.181000 ms  DeleteObjects: 0.157300 ms)

========================================================================
Received Import Request.
  Time since last request: 202.722581 seconds.
  path: Assets/Audio
  artifactKey: Guid(2bd39220066b88147b567ad0ad355bcf) Importer(815301076,1909f56bfc062723c751e8b465ee728b)
Start importing Assets/Audio using Guid(2bd39220066b88147b567ad0ad355bcf) Importer(815301076,1909f56bfc062723c751e8b465ee728b)  -> (artifact id: 'fadabbd0b49cbaff534d9f929a894ee2') in 0.011900 seconds
  Import took 0.024245 seconds .

========================================================================
Received Import Request.
  Time since last request: 7.899756 seconds.
  path: Assets/Audio/Bat Sound Effect.mp3
  artifactKey: Guid(5647f2a240e3c8642b90a5d81691c2f8) Importer(815301076,1909f56bfc062723c751e8b465ee728b)
Start importing Assets/Audio/Bat Sound Effect.mp3 using Guid(5647f2a240e3c8642b90a5d81691c2f8) Importer(815301076,1909f56bfc062723c751e8b465ee728b)  -> (artifact id: '58de5a787b8590d248a2b1e22f42c1c3') in 0.128560 seconds
  Import took 0.134913 seconds .

========================================================================
Received Prepare
Registering precompiled user dll's ...
Registered in 0.005211 seconds.
Begin MonoManager ReloadAssembly
Native extension for WindowsStandalone target not found
Refreshing native plugins compatible for Editor in 0.70 ms, found 3 plugins.
Preloading 0 native plugins for Editor in 0.00 ms.
Mono: successfully reloaded assembly
- Completed reload, in  1.133 seconds
Platform modules already initialized, skipping
Refreshing native plugins compatible for Editor in 0.49 ms, found 3 plugins.
Preloading 0 native plugins for Editor in 0.00 ms.
Unloading 2381 Unused Serialized files (Serialized files now loaded: 0)
System memory in use before: 109.0 MB.
System memory in use after: 109.1 MB.

Unloading 23 unused Assets to reduce memory usage. Loaded Objects now: 2976.
Total: 2.889600 ms (FindLiveObjects: 0.372600 ms CreateObjectMapping: 0.121500 ms MarkObjects: 2.249800 ms  DeleteObjects: 0.144800 ms)

========================================================================
Received Prepare
Registering precompiled user dll's ...
Registered in 0.005144 seconds.
Begin MonoManager ReloadAssembly
Native extension for WindowsStandalone target not found
Refreshing native plugins compatible for Editor in 0.84 ms, found 3 plugins.
Preloading 0 native plugins for Editor in 0.00 ms.
Mono: successfully reloaded assembly
- Completed reload, in  1.191 seconds
Platform modules already initialized, skipping
Refreshing native plugins compatible for Editor in 0.47 ms, found 3 plugins.
Preloading 0 native plugins for Editor in 0.00 ms.
Unloading 2381 Unused Serialized files (Serialized files now loaded: 0)
System memory in use before: 109.0 MB.
System memory in use after: 109.1 MB.

Unloading 23 unused Assets to reduce memory usage. Loaded Objects now: 2980.
Total: 2.417100 ms (FindLiveObjects: 0.256300 ms CreateObjectMapping: 0.107400 ms MarkObjects: 1.942400 ms  DeleteObjects: 0.109700 ms)

========================================================================
Received Import Request.
  Time since last request: 398.623967 seconds.
  path: Assets/Scripts/Cutscenes/BatIntroCutscene.cs
  artifactKey: Guid(4372559eb75399e429b7da789be51df1) Importer(815301076,1909f56bfc062723c751e8b465ee728b)
Start importing Assets/Scripts/Cutscenes/BatIntroCutscene.cs using Guid(4372559eb75399e429b7da789be51df1) Importer(815301076,1909f56bfc062723c751e8b465ee728b)  -> (artifact id: '1b1dd08a3d818874e60b28bd1aa4f410') in 0.015956 seconds
  Import took 0.020801 seconds .

========================================================================
Received Prepare
Registering precompiled user dll's ...
Registered in 0.004931 seconds.
Begin MonoManager ReloadAssembly
Native extension for WindowsStandalone target not found
Refreshing native plugins compatible for Editor in 0.54 ms, found 3 plugins.
Preloading 0 native plugins for Editor in 0.00 ms.
Mono: successfully reloaded assembly
- Completed reload, in  1.225 seconds
Platform modules already initialized, skipping
Refreshing native plugins compatible for Editor in 0.61 ms, found 3 plugins.
Preloading 0 native plugins for Editor in 0.00 ms.
Unloading 2382 Unused Serialized files (Serialized files now loaded: 0)
System memory in use before: 109.1 MB.
System memory in use after: 109.1 MB.

Unloading 23 unused Assets to reduce memory usage. Loaded Objects now: 2985.
Total: 3.046000 ms (FindLiveObjects: 0.263100 ms CreateObjectMapping: 0.098700 ms MarkObjects: 2.496900 ms  DeleteObjects: 0.186000 ms)

========================================================================
Received Import Request.
  Time since last request: 21.422106 seconds.
  path: Assets/Scripts/Enemies/Big Projectiles/LeftBigProjectile.cs
  artifactKey: Guid(279e32fd08d8c1342bf4815e76a9d274) Importer(815301076,1909f56bfc062723c751e8b465ee728b)
Start importing Assets/Scripts/Enemies/Big Projectiles/LeftBigProjectile.cs using Guid(279e32fd08d8c1342bf4815e76a9d274) Importer(815301076,1909f56bfc062723c751e8b465ee728b)  -> (artifact id: '9a0786ae4b3979fd1dc288aea59ab611') in 0.013451 seconds
  Import took 0.017425 seconds .

========================================================================
Received Import Request.
  Time since last request: 0.026413 seconds.
  path: Assets/Scripts/Enemies/Big Projectiles/LeftBigProjectile.cs
  artifactKey: Guid(279e32fd08d8c1342bf4815e76a9d274) Importer(815301076,1909f56bfc062723c751e8b465ee728b)
Start importing Assets/Scripts/Enemies/Big Projectiles/LeftBigProjectile.cs using Guid(279e32fd08d8c1342bf4815e76a9d274) Importer(815301076,1909f56bfc062723c751e8b465ee728b)  -> (artifact id: '9a0786ae4b3979fd1dc288aea59ab611') in 0.002982 seconds
  Import took 0.010401 seconds .

========================================================================
Received Prepare
Registering precompiled user dll's ...
Registered in 0.004901 seconds.
Begin MonoManager ReloadAssembly
Native extension for WindowsStandalone target not found
Refreshing native plugins compatible for Editor in 0.52 ms, found 3 plugins.
Preloading 0 native plugins for Editor in 0.00 ms.
Mono: successfully reloaded assembly
- Completed reload, in  1.228 seconds
Platform modules already initialized, skipping
Refreshing native plugins compatible for Editor in 0.81 ms, found 3 plugins.
Preloading 0 native plugins for Editor in 0.00 ms.
Unloading 2382 Unused Serialized files (Serialized files now loaded: 0)
System memory in use before: 109.0 MB.
System memory in use after: 109.1 MB.

Unloading 23 unused Assets to reduce memory usage. Loaded Objects now: 2989.
Total: 2.245700 ms (FindLiveObjects: 0.223400 ms CreateObjectMapping: 0.094400 ms MarkObjects: 1.778800 ms  DeleteObjects: 0.148000 ms)

========================================================================
Received Import Request.
  Time since last request: 129.403492 seconds.
  path: Assets/Prefabs/Enemies/Bat 1.prefab
  artifactKey: Guid(5e606ca45e9202345bbe7d3e9b87ca12) Importer(815301076,1909f56bfc062723c751e8b465ee728b)
Start importing Assets/Prefabs/Enemies/Bat 1.prefab using Guid(5e606ca45e9202345bbe7d3e9b87ca12) Importer(815301076,1909f56bfc062723c751e8b465ee728b)  -> (artifact id: 'a539d9075260253a03a014b93223dcad') in 0.095621 seconds
  Import took 0.100636 seconds .

========================================================================
Received Import Request.
  Time since last request: 11.101855 seconds.
  path: Assets/Prefabs/Enemies/Intro Bat.prefab
  artifactKey: Guid(5e606ca45e9202345bbe7d3e9b87ca12) Importer(815301076,1909f56bfc062723c751e8b465ee728b)
Start importing Assets/Prefabs/Enemies/Intro Bat.prefab using Guid(5e606ca45e9202345bbe7d3e9b87ca12) Importer(815301076,1909f56bfc062723c751e8b465ee728b)  -> (artifact id: '17e89be9a437ed42b80ec9bab08c8241') in 0.015593 seconds
  Import took 0.020756 seconds .

========================================================================
Received Import Request.
  Time since last request: 0.014595 seconds.
  path: Assets/Prefabs/Enemies/Intro Bat.prefab
  artifactKey: Guid(5e606ca45e9202345bbe7d3e9b87ca12) Importer(815301076,1909f56bfc062723c751e8b465ee728b)
Start importing Assets/Prefabs/Enemies/Intro Bat.prefab using Guid(5e606ca45e9202345bbe7d3e9b87ca12) Importer(815301076,1909f56bfc062723c751e8b465ee728b)  -> (artifact id: '17e89be9a437ed42b80ec9bab08c8241') in 0.011670 seconds
  Import took 0.016114 seconds .

========================================================================
Received Import Request.
  Time since last request: 3.556263 seconds.
  path: Assets/Prefabs/Enemies/Intro Bat.prefab
  artifactKey: Guid(5e606ca45e9202345bbe7d3e9b87ca12) Importer(815301076,1909f56bfc062723c751e8b465ee728b)
Start importing Assets/Prefabs/Enemies/Intro Bat.prefab using Guid(5e606ca45e9202345bbe7d3e9b87ca12) Importer(815301076,1909f56bfc062723c751e8b465ee728b)  -> (artifact id: '30da3a2354a69191c2a8fadfc9fe9582') in 0.012267 seconds
  Import took 0.016955 seconds .

========================================================================
Received Import Request.
  Time since last request: 5.175547 seconds.
  path: Assets/Prefabs/Enemies/Intro Bat.prefab
  artifactKey: Guid(5e606ca45e9202345bbe7d3e9b87ca12) Importer(815301076,1909f56bfc062723c751e8b465ee728b)
Start importing Assets/Prefabs/Enemies/Intro Bat.prefab using Guid(5e606ca45e9202345bbe7d3e9b87ca12) Importer(815301076,1909f56bfc062723c751e8b465ee728b)  -> (artifact id: 'cf9cc63113482ae7958e29b917d6634d') in 0.010084 seconds
  Import took 0.014316 seconds .

========================================================================
Received Import Request.
  Time since last request: 0.019352 seconds.
  path: Assets/Prefabs/Enemies/Intro Bat.prefab
  artifactKey: Guid(5e606ca45e9202345bbe7d3e9b87ca12) Importer(815301076,1909f56bfc062723c751e8b465ee728b)
Start importing Assets/Prefabs/Enemies/Intro Bat.prefab using Guid(5e606ca45e9202345bbe7d3e9b87ca12) Importer(815301076,1909f56bfc062723c751e8b465ee728b)  -> (artifact id: 'cf9cc63113482ae7958e29b917d6634d') in 0.009492 seconds
  Import took 0.013853 seconds .

========================================================================
Received Import Request.
  Time since last request: 0.980673 seconds.
  path: Assets/Prefabs/Enemies/Intro Bat.prefab
  artifactKey: Guid(5e606ca45e9202345bbe7d3e9b87ca12) Importer(815301076,1909f56bfc062723c751e8b465ee728b)
Start importing Assets/Prefabs/Enemies/Intro Bat.prefab using Guid(5e606ca45e9202345bbe7d3e9b87ca12) Importer(815301076,1909f56bfc062723c751e8b465ee728b)  -> (artifact id: '531da80484a78b1023c9da8c2a205813') in 0.012863 seconds
  Import took 0.016805 seconds .

========================================================================
Received Import Request.
  Time since last request: 0.011701 seconds.
  path: Assets/Prefabs/Enemies/Intro Bat.prefab
  artifactKey: Guid(5e606ca45e9202345bbe7d3e9b87ca12) Importer(815301076,1909f56bfc062723c751e8b465ee728b)
Start importing Assets/Prefabs/Enemies/Intro Bat.prefab using Guid(5e606ca45e9202345bbe7d3e9b87ca12) Importer(815301076,1909f56bfc062723c751e8b465ee728b)  -> (artifact id: '531da80484a78b1023c9da8c2a205813') in 0.011840 seconds
  Import took 0.016962 seconds .

========================================================================
Received Prepare
Registering precompiled user dll's ...
Registered in 0.006672 seconds.
Begin MonoManager ReloadAssembly
Native extension for WindowsStandalone target not found
Refreshing native plugins compatible for Editor in 0.49 ms, found 3 plugins.
Preloading 0 native plugins for Editor in 0.00 ms.
Mono: successfully reloaded assembly
- Completed reload, in  1.110 seconds
Platform modules already initialized, skipping
Refreshing native plugins compatible for Editor in 0.48 ms, found 3 plugins.
Preloading 0 native plugins for Editor in 0.00 ms.
Unloading 2382 Unused Serialized files (Serialized files now loaded: 0)
System memory in use before: 109.1 MB.
System memory in use after: 109.2 MB.

Unloading 23 unused Assets to reduce memory usage. Loaded Objects now: 2994.
Total: 3.645400 ms (FindLiveObjects: 0.417400 ms CreateObjectMapping: 0.318800 ms MarkObjects: 2.759700 ms  DeleteObjects: 0.148000 ms)

========================================================================
Received Prepare
Registering precompiled user dll's ...
Registered in 0.004885 seconds.
Begin MonoManager ReloadAssembly
Native extension for WindowsStandalone target not found
Refreshing native plugins compatible for Editor in 0.93 ms, found 3 plugins.
Preloading 0 native plugins for Editor in 0.00 ms.
Mono: successfully reloaded assembly
- Completed reload, in  1.206 seconds
Platform modules already initialized, skipping
Refreshing native plugins compatible for Editor in 0.70 ms, found 3 plugins.
Preloading 0 native plugins for Editor in 0.00 ms.
Unloading 2382 Unused Serialized files (Serialized files now loaded: 0)
System memory in use before: 109.2 MB.
System memory in use after: 109.2 MB.

Unloading 23 unused Assets to reduce memory usage. Loaded Objects now: 2998.
Total: 2.687100 ms (FindLiveObjects: 0.234800 ms CreateObjectMapping: 0.102400 ms MarkObjects: 2.185400 ms  DeleteObjects: 0.163400 ms)

========================================================================
Received Import Request.
  Time since last request: 53.251987 seconds.
  path: Assets/Scenes/Intro_Cutscene.unity
  artifactKey: Guid(6aefd2194b038a84c86c31c55eb1964c) Importer(815301076,1909f56bfc062723c751e8b465ee728b)
Start importing Assets/Scenes/Intro_Cutscene.unity using Guid(6aefd2194b038a84c86c31c55eb1964c) Importer(815301076,1909f56bfc062723c751e8b465ee728b)  -> (artifact id: 'e08aa16b18555742c48a4fc4a1aa1e45') in 0.018130 seconds
  Import took 0.022014 seconds .

========================================================================
Received Prepare
Registering precompiled user dll's ...
Registered in 0.006752 seconds.
Begin MonoManager ReloadAssembly
Native extension for WindowsStandalone target not found
Refreshing native plugins compatible for Editor in 0.50 ms, found 3 plugins.
Preloading 0 native plugins for Editor in 0.00 ms.
Mono: successfully reloaded assembly
- Completed reload, in  1.183 seconds
Platform modules already initialized, skipping
Refreshing native plugins compatible for Editor in 0.89 ms, found 3 plugins.
Preloading 0 native plugins for Editor in 0.00 ms.
Unloading 2382 Unused Serialized files (Serialized files now loaded: 0)
System memory in use before: 109.2 MB.
System memory in use after: 109.3 MB.

Unloading 23 unused Assets to reduce memory usage. Loaded Objects now: 3002.
Total: 2.734900 ms (FindLiveObjects: 0.243400 ms CreateObjectMapping: 0.089400 ms MarkObjects: 2.203200 ms  DeleteObjects: 0.197800 ms)

========================================================================
Received Prepare
Registering precompiled user dll's ...
Registered in 0.005857 seconds.
Begin MonoManager ReloadAssembly
Native extension for WindowsStandalone target not found
Refreshing native plugins compatible for Editor in 0.56 ms, found 3 plugins.
Preloading 0 native plugins for Editor in 0.00 ms.
Mono: successfully reloaded assembly
- Completed reload, in  1.227 seconds
Platform modules already initialized, skipping
Refreshing native plugins compatible for Editor in 0.50 ms, found 3 plugins.
Preloading 0 native plugins for Editor in 0.00 ms.
Unloading 2382 Unused Serialized files (Serialized files now loaded: 0)
System memory in use before: 109.2 MB.
System memory in use after: 109.3 MB.

Unloading 23 unused Assets to reduce memory usage. Loaded Objects now: 3006.
Total: 3.116100 ms (FindLiveObjects: 0.296600 ms CreateObjectMapping: 0.106800 ms MarkObjects: 2.583100 ms  DeleteObjects: 0.128300 ms)

========================================================================
Received Prepare
Registering precompiled user dll's ...
Registered in 0.004701 seconds.
Begin MonoManager ReloadAssembly
Native extension for WindowsStandalone target not found
Refreshing native plugins compatible for Editor in 0.68 ms, found 3 plugins.
Preloading 0 native plugins for Editor in 0.00 ms.
Mono: successfully reloaded assembly
- Completed reload, in  1.175 seconds
Platform modules already initialized, skipping
Refreshing native plugins compatible for Editor in 1.11 ms, found 3 plugins.
Preloading 0 native plugins for Editor in 0.00 ms.
Unloading 2382 Unused Serialized files (Serialized files now loaded: 0)
System memory in use before: 109.1 MB.
System memory in use after: 109.2 MB.

Unloading 23 unused Assets to reduce memory usage. Loaded Objects now: 3010.
Total: 2.715300 ms (FindLiveObjects: 0.365700 ms CreateObjectMapping: 0.130600 ms MarkObjects: 2.079500 ms  DeleteObjects: 0.138400 ms)

========================================================================
Received Prepare
Registering precompiled user dll's ...
Registered in 0.005807 seconds.
Begin MonoManager ReloadAssembly
Native extension for WindowsStandalone target not found
Refreshing native plugins compatible for Editor in 0.49 ms, found 3 plugins.
Preloading 0 native plugins for Editor in 0.00 ms.
Mono: successfully reloaded assembly
- Completed reload, in  1.234 seconds
Platform modules already initialized, skipping
Refreshing native plugins compatible for Editor in 1.03 ms, found 3 plugins.
Preloading 0 native plugins for Editor in 0.00 ms.
Unloading 2382 Unused Serialized files (Serialized files now loaded: 0)
System memory in use before: 109.2 MB.
System memory in use after: 109.3 MB.

Unloading 23 unused Assets to reduce memory usage. Loaded Objects now: 3014.
Total: 3.344200 ms (FindLiveObjects: 0.334600 ms CreateObjectMapping: 0.111000 ms MarkObjects: 2.719400 ms  DeleteObjects: 0.177900 ms)

========================================================================
Received Prepare
Registering precompiled user dll's ...
Registered in 0.006615 seconds.
Begin MonoManager ReloadAssembly
Native extension for WindowsStandalone target not found
Refreshing native plugins compatible for Editor in 0.50 ms, found 3 plugins.
Preloading 0 native plugins for Editor in 0.00 ms.
Mono: successfully reloaded assembly
- Completed reload, in  1.208 seconds
Platform modules already initialized, skipping
Refreshing native plugins compatible for Editor in 0.54 ms, found 3 plugins.
Preloading 0 native plugins for Editor in 0.00 ms.
Unloading 2382 Unused Serialized files (Serialized files now loaded: 0)
System memory in use before: 109.2 MB.
System memory in use after: 109.3 MB.

Unloading 23 unused Assets to reduce memory usage. Loaded Objects now: 3018.
Total: 2.637500 ms (FindLiveObjects: 0.243300 ms CreateObjectMapping: 0.087400 ms MarkObjects: 2.150800 ms  DeleteObjects: 0.155100 ms)

========================================================================
Received Prepare
Registering precompiled user dll's ...
Registered in 0.005271 seconds.
Begin MonoManager ReloadAssembly
Native extension for WindowsStandalone target not found
Refreshing native plugins compatible for Editor in 0.51 ms, found 3 plugins.
Preloading 0 native plugins for Editor in 0.00 ms.
Mono: successfully reloaded assembly
- Completed reload, in  1.221 seconds
Platform modules already initialized, skipping
Refreshing native plugins compatible for Editor in 0.48 ms, found 3 plugins.
Preloading 0 native plugins for Editor in 0.00 ms.
Unloading 2382 Unused Serialized files (Serialized files now loaded: 0)
System memory in use before: 109.2 MB.
System memory in use after: 109.3 MB.

Unloading 23 unused Assets to reduce memory usage. Loaded Objects now: 3022.
Total: 3.826500 ms (FindLiveObjects: 0.260100 ms CreateObjectMapping: 0.090000 ms MarkObjects: 3.335500 ms  DeleteObjects: 0.139700 ms)

========================================================================
Received Prepare
Registering precompiled user dll's ...
Registered in 0.004714 seconds.
Begin MonoManager ReloadAssembly
Native extension for WindowsStandalone target not found
Refreshing native plugins compatible for Editor in 0.77 ms, found 3 plugins.
Preloading 0 native plugins for Editor in 0.00 ms.
Mono: successfully reloaded assembly
- Completed reload, in  1.146 seconds
Platform modules already initialized, skipping
Refreshing native plugins compatible for Editor in 0.47 ms, found 3 plugins.
Preloading 0 native plugins for Editor in 0.00 ms.
Unloading 2382 Unused Serialized files (Serialized files now loaded: 0)
System memory in use before: 109.2 MB.
System memory in use after: 109.3 MB.

Unloading 23 unused Assets to reduce memory usage. Loaded Objects now: 3026.
Total: 2.536100 ms (FindLiveObjects: 0.231600 ms CreateObjectMapping: 0.164800 ms MarkObjects: 2.021000 ms  DeleteObjects: 0.117400 ms)

========================================================================
Received Prepare
Registering precompiled user dll's ...
Registered in 0.005406 seconds.
Begin MonoManager ReloadAssembly
Native extension for WindowsStandalone target not found
Refreshing native plugins compatible for Editor in 0.61 ms, found 3 plugins.
Preloading 0 native plugins for Editor in 0.00 ms.
Mono: successfully reloaded assembly
- Completed reload, in  1.179 seconds
Platform modules already initialized, skipping
Refreshing native plugins compatible for Editor in 0.65 ms, found 3 plugins.
Preloading 0 native plugins for Editor in 0.00 ms.
Unloading 2382 Unused Serialized files (Serialized files now loaded: 0)
System memory in use before: 109.1 MB.
System memory in use after: 109.2 MB.

Unloading 23 unused Assets to reduce memory usage. Loaded Objects now: 3030.
Total: 2.392500 ms (FindLiveObjects: 0.234400 ms CreateObjectMapping: 0.090000 ms MarkObjects: 1.931500 ms  DeleteObjects: 0.135700 ms)

========================================================================
Received Prepare
Registering precompiled user dll's ...
Registered in 0.006109 seconds.
Begin MonoManager ReloadAssembly
Native extension for WindowsStandalone target not found
Refreshing native plugins compatible for Editor in 0.51 ms, found 3 plugins.
Preloading 0 native plugins for Editor in 0.00 ms.
Mono: successfully reloaded assembly
- Completed reload, in  1.192 seconds
Platform modules already initialized, skipping
Refreshing native plugins compatible for Editor in 0.57 ms, found 3 plugins.
Preloading 0 native plugins for Editor in 0.00 ms.
Unloading 2382 Unused Serialized files (Serialized files now loaded: 0)
System memory in use before: 109.3 MB.
System memory in use after: 109.3 MB.

Unloading 23 unused Assets to reduce memory usage. Loaded Objects now: 3034.
Total: 2.499700 ms (FindLiveObjects: 0.220300 ms CreateObjectMapping: 0.092300 ms MarkObjects: 2.071100 ms  DeleteObjects: 0.115200 ms)

========================================================================
Received Prepare
Registering precompiled user dll's ...
Registered in 0.005926 seconds.
Begin MonoManager ReloadAssembly
Native extension for WindowsStandalone target not found
Refreshing native plugins compatible for Editor in 0.48 ms, found 3 plugins.
Preloading 0 native plugins for Editor in 0.00 ms.
Mono: successfully reloaded assembly
- Completed reload, in  1.137 seconds
Platform modules already initialized, skipping
Refreshing native plugins compatible for Editor in 0.48 ms, found 3 plugins.
Preloading 0 native plugins for Editor in 0.00 ms.
Unloading 2382 Unused Serialized files (Serialized files now loaded: 0)
System memory in use before: 109.3 MB.
System memory in use after: 109.3 MB.

Unloading 23 unused Assets to reduce memory usage. Loaded Objects now: 3038.
Total: 3.801800 ms (FindLiveObjects: 0.271700 ms CreateObjectMapping: 0.106100 ms MarkObjects: 3.249500 ms  DeleteObjects: 0.172900 ms)

========================================================================
Received Prepare
Registering precompiled user dll's ...
Registered in 0.005000 seconds.
Begin MonoManager ReloadAssembly
Native extension for WindowsStandalone target not found
Refreshing native plugins compatible for Editor in 0.60 ms, found 3 plugins.
Preloading 0 native plugins for Editor in 0.00 ms.
Mono: successfully reloaded assembly
- Completed reload, in  1.336 seconds
Platform modules already initialized, skipping
Refreshing native plugins compatible for Editor in 0.65 ms, found 3 plugins.
Preloading 0 native plugins for Editor in 0.00 ms.
Unloading 2382 Unused Serialized files (Serialized files now loaded: 0)
System memory in use before: 109.3 MB.
System memory in use after: 109.3 MB.

Unloading 23 unused Assets to reduce memory usage. Loaded Objects now: 3042.
Total: 2.897300 ms (FindLiveObjects: 0.349200 ms CreateObjectMapping: 0.160400 ms MarkObjects: 2.235400 ms  DeleteObjects: 0.151200 ms)

========================================================================
Received Prepare
Registering precompiled user dll's ...
Registered in 0.005290 seconds.
Begin MonoManager ReloadAssembly
Native extension for WindowsStandalone target not found
Refreshing native plugins compatible for Editor in 0.53 ms, found 3 plugins.
Preloading 0 native plugins for Editor in 0.00 ms.
Mono: successfully reloaded assembly
- Completed reload, in  1.096 seconds
Platform modules already initialized, skipping
Refreshing native plugins compatible for Editor in 0.48 ms, found 3 plugins.
Preloading 0 native plugins for Editor in 0.00 ms.
Unloading 2382 Unused Serialized files (Serialized files now loaded: 0)
System memory in use before: 109.3 MB.
System memory in use after: 109.4 MB.

Unloading 23 unused Assets to reduce memory usage. Loaded Objects now: 3046.
Total: 2.592100 ms (FindLiveObjects: 0.253400 ms CreateObjectMapping: 0.100900 ms MarkObjects: 2.081200 ms  DeleteObjects: 0.155500 ms)

========================================================================
Received Prepare
Registering precompiled user dll's ...
Registered in 0.006455 seconds.
Begin MonoManager ReloadAssembly
Native extension for WindowsStandalone target not found
Refreshing native plugins compatible for Editor in 0.55 ms, found 3 plugins.
Preloading 0 native plugins for Editor in 0.00 ms.
Mono: successfully reloaded assembly
- Completed reload, in  1.149 seconds
Platform modules already initialized, skipping
Refreshing native plugins compatible for Editor in 0.50 ms, found 3 plugins.
Preloading 0 native plugins for Editor in 0.00 ms.
Unloading 2382 Unused Serialized files (Serialized files now loaded: 0)
System memory in use before: 109.2 MB.
System memory in use after: 109.3 MB.

Unloading 23 unused Assets to reduce memory usage. Loaded Objects now: 3050.
Total: 2.334700 ms (FindLiveObjects: 0.247300 ms CreateObjectMapping: 0.078400 ms MarkObjects: 1.886800 ms  DeleteObjects: 0.121000 ms)

========================================================================
Received Prepare
Registering precompiled user dll's ...
Registered in 0.005746 seconds.
Begin MonoManager ReloadAssembly
Native extension for WindowsStandalone target not found
Refreshing native plugins compatible for Editor in 0.54 ms, found 3 plugins.
Preloading 0 native plugins for Editor in 0.00 ms.
Mono: successfully reloaded assembly
- Completed reload, in  1.139 seconds
Platform modules already initialized, skipping
Refreshing native plugins compatible for Editor in 0.47 ms, found 3 plugins.
Preloading 0 native plugins for Editor in 0.00 ms.
Unloading 2382 Unused Serialized files (Serialized files now loaded: 0)
System memory in use before: 109.3 MB.
System memory in use after: 109.4 MB.

Unloading 23 unused Assets to reduce memory usage. Loaded Objects now: 3054.
Total: 2.946200 ms (FindLiveObjects: 0.542000 ms CreateObjectMapping: 0.182500 ms MarkObjects: 2.095000 ms  DeleteObjects: 0.125600 ms)

========================================================================
Received Prepare
Registering precompiled user dll's ...
Registered in 0.004558 seconds.
Begin MonoManager ReloadAssembly
Native extension for WindowsStandalone target not found
Refreshing native plugins compatible for Editor in 0.47 ms, found 3 plugins.
Preloading 0 native plugins for Editor in 0.00 ms.
Mono: successfully reloaded assembly
- Completed reload, in  1.207 seconds
Platform modules already initialized, skipping
Refreshing native plugins compatible for Editor in 0.48 ms, found 3 plugins.
Preloading 0 native plugins for Editor in 0.00 ms.
Unloading 2382 Unused Serialized files (Serialized files now loaded: 0)
System memory in use before: 109.3 MB.
System memory in use after: 109.4 MB.

Unloading 23 unused Assets to reduce memory usage. Loaded Objects now: 3058.
Total: 3.310600 ms (FindLiveObjects: 0.439100 ms CreateObjectMapping: 0.246600 ms MarkObjects: 2.499900 ms  DeleteObjects: 0.123700 ms)

========================================================================
Received Prepare
Registering precompiled user dll's ...
Registered in 0.007627 seconds.
Begin MonoManager ReloadAssembly
Native extension for WindowsStandalone target not found
Refreshing native plugins compatible for Editor in 0.52 ms, found 3 plugins.
Preloading 0 native plugins for Editor in 0.00 ms.
Mono: successfully reloaded assembly
- Completed reload, in  1.144 seconds
Platform modules already initialized, skipping
Refreshing native plugins compatible for Editor in 0.87 ms, found 3 plugins.
Preloading 0 native plugins for Editor in 0.00 ms.
Unloading 2382 Unused Serialized files (Serialized files now loaded: 0)
System memory in use before: 109.3 MB.
System memory in use after: 109.4 MB.

Unloading 23 unused Assets to reduce memory usage. Loaded Objects now: 3062.
Total: 3.303100 ms (FindLiveObjects: 0.457000 ms CreateObjectMapping: 0.215800 ms MarkObjects: 2.405800 ms  DeleteObjects: 0.222900 ms)

========================================================================
Received Prepare
Registering precompiled user dll's ...
Registered in 0.006450 seconds.
Begin MonoManager ReloadAssembly
Native extension for WindowsStandalone target not found
Refreshing native plugins compatible for Editor in 0.49 ms, found 3 plugins.
Preloading 0 native plugins for Editor in 0.00 ms.
Mono: successfully reloaded assembly
- Completed reload, in  1.138 seconds
Platform modules already initialized, skipping
Refreshing native plugins compatible for Editor in 0.48 ms, found 3 plugins.
Preloading 0 native plugins for Editor in 0.00 ms.
Unloading 2382 Unused Serialized files (Serialized files now loaded: 0)
System memory in use before: 109.3 MB.
System memory in use after: 109.4 MB.

Unloading 23 unused Assets to reduce memory usage. Loaded Objects now: 3066.
Total: 2.645700 ms (FindLiveObjects: 0.283000 ms CreateObjectMapping: 0.085700 ms MarkObjects: 2.135700 ms  DeleteObjects: 0.140300 ms)

========================================================================
Received Prepare
Registering precompiled user dll's ...
Registered in 0.005547 seconds.
Begin MonoManager ReloadAssembly
Native extension for WindowsStandalone target not found
Refreshing native plugins compatible for Editor in 0.70 ms, found 3 plugins.
Preloading 0 native plugins for Editor in 0.00 ms.
Mono: successfully reloaded assembly
- Completed reload, in  1.103 seconds
Platform modules already initialized, skipping
Refreshing native plugins compatible for Editor in 0.50 ms, found 3 plugins.
Preloading 0 native plugins for Editor in 0.00 ms.
Unloading 2382 Unused Serialized files (Serialized files now loaded: 0)
System memory in use before: 109.2 MB.
System memory in use after: 109.3 MB.

Unloading 23 unused Assets to reduce memory usage. Loaded Objects now: 3070.
Total: 2.445300 ms (FindLiveObjects: 0.276000 ms CreateObjectMapping: 0.124600 ms MarkObjects: 1.890600 ms  DeleteObjects: 0.153200 ms)

========================================================================
Received Prepare
Registering precompiled user dll's ...
Registered in 0.006146 seconds.
Begin MonoManager ReloadAssembly
Native extension for WindowsStandalone target not found
Refreshing native plugins compatible for Editor in 0.58 ms, found 3 plugins.
Preloading 0 native plugins for Editor in 0.00 ms.
Mono: successfully reloaded assembly
- Completed reload, in  1.171 seconds
Platform modules already initialized, skipping
Refreshing native plugins compatible for Editor in 0.82 ms, found 3 plugins.
Preloading 0 native plugins for Editor in 0.00 ms.
Unloading 2382 Unused Serialized files (Serialized files now loaded: 0)
System memory in use before: 109.3 MB.
System memory in use after: 109.4 MB.

Unloading 23 unused Assets to reduce memory usage. Loaded Objects now: 3074.
Total: 3.028200 ms (FindLiveObjects: 0.312800 ms CreateObjectMapping: 0.157700 ms MarkObjects: 2.407900 ms  DeleteObjects: 0.148900 ms)

========================================================================
Received Prepare
Registering precompiled user dll's ...
Registered in 0.006694 seconds.
Begin MonoManager ReloadAssembly
Native extension for WindowsStandalone target not found
Refreshing native plugins compatible for Editor in 0.48 ms, found 3 plugins.
Preloading 0 native plugins for Editor in 0.00 ms.
Mono: successfully reloaded assembly
- Completed reload, in  1.168 seconds
Platform modules already initialized, skipping
Refreshing native plugins compatible for Editor in 0.89 ms, found 3 plugins.
Preloading 0 native plugins for Editor in 0.00 ms.
Unloading 2382 Unused Serialized files (Serialized files now loaded: 0)
System memory in use before: 109.4 MB.
System memory in use after: 109.4 MB.

Unloading 23 unused Assets to reduce memory usage. Loaded Objects now: 3078.
Total: 2.812800 ms (FindLiveObjects: 0.235400 ms CreateObjectMapping: 0.096800 ms MarkObjects: 2.307500 ms  DeleteObjects: 0.172100 ms)

========================================================================
Received Prepare
Registering precompiled user dll's ...
Registered in 0.005059 seconds.
Begin MonoManager ReloadAssembly
Native extension for WindowsStandalone target not found
Refreshing native plugins compatible for Editor in 0.59 ms, found 3 plugins.
Preloading 0 native plugins for Editor in 0.00 ms.
Mono: successfully reloaded assembly
- Completed reload, in  1.186 seconds
Platform modules already initialized, skipping
Refreshing native plugins compatible for Editor in 0.70 ms, found 3 plugins.
Preloading 0 native plugins for Editor in 0.00 ms.
Unloading 2382 Unused Serialized files (Serialized files now loaded: 0)
System memory in use before: 109.4 MB.
System memory in use after: 109.4 MB.

Unloading 23 unused Assets to reduce memory usage. Loaded Objects now: 3082.
Total: 3.005800 ms (FindLiveObjects: 0.248800 ms CreateObjectMapping: 0.110500 ms MarkObjects: 2.476400 ms  DeleteObjects: 0.168800 ms)

========================================================================
Received Prepare
Registering precompiled user dll's ...
Registered in 0.004904 seconds.
Begin MonoManager ReloadAssembly
Native extension for WindowsStandalone target not found
Refreshing native plugins compatible for Editor in 0.84 ms, found 3 plugins.
Preloading 0 native plugins for Editor in 0.00 ms.
Mono: successfully reloaded assembly
- Completed reload, in  1.128 seconds
Platform modules already initialized, skipping
Refreshing native plugins compatible for Editor in 0.81 ms, found 3 plugins.
Preloading 0 native plugins for Editor in 0.00 ms.
Unloading 2382 Unused Serialized files (Serialized files now loaded: 0)
System memory in use before: 109.4 MB.
System memory in use after: 109.5 MB.

Unloading 23 unused Assets to reduce memory usage. Loaded Objects now: 3086.
Total: 3.100300 ms (FindLiveObjects: 0.327800 ms CreateObjectMapping: 0.141200 ms MarkObjects: 2.500200 ms  DeleteObjects: 0.130000 ms)

========================================================================
Received Prepare
Registering precompiled user dll's ...
Registered in 0.005386 seconds.
Begin MonoManager ReloadAssembly
Native extension for WindowsStandalone target not found
Refreshing native plugins compatible for Editor in 0.86 ms, found 3 plugins.
Preloading 0 native plugins for Editor in 0.00 ms.
Mono: successfully reloaded assembly
- Completed reload, in  1.246 seconds
Platform modules already initialized, skipping
Refreshing native plugins compatible for Editor in 0.61 ms, found 3 plugins.
Preloading 0 native plugins for Editor in 0.00 ms.
Unloading 2382 Unused Serialized files (Serialized files now loaded: 0)
System memory in use before: 109.3 MB.
System memory in use after: 109.4 MB.

Unloading 23 unused Assets to reduce memory usage. Loaded Objects now: 3090.
Total: 2.221200 ms (FindLiveObjects: 0.248300 ms CreateObjectMapping: 0.111300 ms MarkObjects: 1.722700 ms  DeleteObjects: 0.138100 ms)

AssetImportWorkerClient::OnTransportError - code=2 error=End of file
